[21:23:08] [main/INFO] (FabricLoader) Loading for game Minecraft 1.15.2
[21:23:08] [main/INFO] (Fabric|Loader) [FabricLoader] Loading 38 mods: minecraft@1.15.2, fabric-networking-blockentity-v0@0.2.3+e08a73050c, fabric-renderer-api-v1@0.2.10+f08b61330c, fabric-keybindings-v0@0.1.1+dfdb52d60c, fabric-command-api-v1@1.0.0+2e0c4ff50c, fabricloader@0.8.2+build.194, fabric-tool-attribute-api-v1@1.0.2+915c44630c, fabric-renderer-indigo@0.2.23+9290e2ed0c, fabric-containers-v0@0.1.3+b7f9825d0c, fabric-dimensions-v1@0.3.0+2ad156310c, fabric-object-builder-api-v1@1.0.0+796d1cc40c, fabric-biomes-v1@0.1.5+3b05f68e0c, fabric-crash-report-info-v1@0.1.2+b7f9825d0c, fabric-events-interaction-v0@0.3.0+fac69e320c, fabric-api-base@0.1.2+b7f9825d0c, fabric-rendering-v0@1.1.0+534104900c, fabric-rendering-v1@1.0.0+2a034f0a0c, fabric-rendering-data-attachment-v1@0.1.3+b7f9825d0c, fabric-resource-loader-v0@0.1.10+06c939b30c, fabric-textures-v0@1.0.4+821cdba70c, fabric-content-registries-v0@0.1.3+b7f9825d0c, fabric-tag-extensions-v0@0.1.3+abd915800c, fabric-rendering-fluids-v1@0.1.6+12515ed90c, fabric-registry-sync-v0@0.2.6+f3d8141b0c, fabric-commands-v0@0.2.0+2e0c4ff50c, fabric-blockrenderlayer-v1@1.1.4+c6a8ea890c, fabric-mining-levels-v0@0.1.2+ec951ea40c, fabric-renderer-registries-v1@2.0.1+5a0f9a600c, fabric-climbable-api-v1@1.0.0+6ffe71e20c, fabric-loot-tables-v1@0.1.5+e08a73050c, fabric-events-lifecycle-v0@0.1.2+003643510c, fabric@0.10.0+build.305-1.15, fabric-models-v0@0.1.0+dfdb52d60c, fabric-particles-v1@0.1.2+ad2f81bd0c, fabric-item-groups-v0@0.1.6+ec40b2e10c, tfm@${version}, fabric-object-builders-v0@0.5.0+796d1cc40c, fabric-networking-v0@0.1.7+003643510c
[21:23:08] [main/WARN] (Fabric|Loader) Mod `tfm` (${version}) does not respect SemVer - comparison support is limited.
[21:23:09] [main/INFO] (mixin) SpongePowered MIXIN Subsystem Version=0.8 Source=file:/C:/Users/nosta/.gradle/caches/modules-2/files-2.1/net.fabricmc/sponge-mixin/0.8+build.18/af077ad2845a00cde186fa2c99c4dd32bd2a2766/sponge-mixin-0.8+build.18.jar Service=Knot/Fabric Env=CLIENT
[21:23:09] [main/INFO] (Fabric|MixinBootstrap) Loaded Fabric development mappings for mixin remapper!
[21:23:09] [main/INFO] (mixin) Remapping refMap fabric-networking-v0-refmap.json using remapper chain
[21:23:09] [main/INFO] (mixin) Remapping refMap fabric-networking-blockentity-v0-refmap.json using remapper chain
[21:23:09] [main/INFO] (mixin) Remapping refMap fabric-biomes-v1-refmap.json using remapper chain
[21:23:09] [main/INFO] (mixin) Remapping refMap fabric-containers-v0-refmap.json using remapper chain
[21:23:09] [main/INFO] (mixin) Remapping refMap fabric-renderer-indigo-refmap.json using remapper chain
[21:23:09] [main/INFO] (mixin) Remapping refMap fabric-rendering-data-attachment-v1-refmap.json using remapper chain
[21:23:09] [main/INFO] (mixin) Remapping refMap fabric-events-interaction-v0-refmap.json using remapper chain
[21:23:09] [main/INFO] (mixin) Remapping refMap fabric-loot-tables-v1-refmap.json using remapper chain
[21:23:09] [main/INFO] (mixin) Remapping refMap fabric-object-builder-api-v1-refmap.json using remapper chain
[21:23:09] [main/INFO] (mixin) Remapping refMap fabric-dimensions-v1-refmap.json using remapper chain
[21:23:09] [main/INFO] (mixin) Remapping refMap fabric-renderer-registries-v1-refmap.json using remapper chain
[21:23:09] [main/INFO] (mixin) Remapping refMap fabric-textures-v0-refmap.json using remapper chain
[21:23:09] [main/INFO] (mixin) Remapping refMap fabric-registry-sync-v0-refmap.json using remapper chain
[21:23:09] [main/INFO] (mixin) Remapping refMap fabric-models-v0-refmap.json using remapper chain
[21:23:09] [main/INFO] (mixin) Remapping refMap fabric-keybindings-v0-refmap.json using remapper chain
[21:23:09] [main/INFO] (mixin) Remapping refMap fabric-blockrenderlayer-v1-refmap.json using remapper chain
[21:23:09] [main/INFO] (mixin) Remapping refMap fabric-renderer-api-v1-refmap.json using remapper chain
[21:23:09] [main/INFO] (mixin) Remapping refMap fabric-containers-v0-refmap.json using remapper chain
[21:23:09] [main/INFO] (mixin) Remapping refMap fabric-events-lifecycle-v0-refmap.json using remapper chain
[21:23:09] [main/INFO] (mixin) Remapping refMap fabric-rendering-fluids-v1-refmap.json using remapper chain
[21:23:09] [main/INFO] (mixin) Remapping refMap fabric-resource-loader-v0-refmap.json using remapper chain
[21:23:09] [main/INFO] (mixin) Remapping refMap fabric-particles-v1-refmap.json using remapper chain
[21:23:09] [main/INFO] (mixin) Remapping refMap fabric-object-builders-refmap.json using remapper chain
[21:23:09] [main/INFO] (mixin) Remapping refMap fabric-tag-extensions-v0-refmap.json using remapper chain
[21:23:09] [main/INFO] (mixin) Remapping refMap fabric-tool-attribute-api-v1-refmap.json using remapper chain
[21:23:09] [main/INFO] (mixin) Remapping refMap fabric-rendering-v1-refmap.json using remapper chain
[21:23:09] [main/INFO] (mixin) Remapping refMap fabric-item-groups-v0-refmap.json using remapper chain
[21:23:09] [main/INFO] (mixin) Remapping refMap fabric-content-registries-v0-refmap.json using remapper chain
[21:23:09] [main/INFO] (mixin) Remapping refMap fabric-command-api-v1-refmap.json using remapper chain
[21:23:09] [main/INFO] (mixin) Remapping refMap fabric-crash-report-info-v1-refmap.json using remapper chain
[21:23:09] [main/INFO] (mixin) Remapping refMap fabric-renderer-api-v1-refmap.json using remapper chain
[21:23:09] [main/INFO] (mixin) Remapping refMap fabric-climbable-api-v1-refmap.json using remapper chain
[21:23:10] [main/INFO] (Minecraft) Setting user: Player663
[21:23:12] [main/INFO] (Indigo) [Indigo] Registering Indigo renderer!
[21:23:12] [main/INFO] (Minecraft) Backend library: LWJGL version 3.2.2 build 10
[21:23:14] [main/INFO] (Minecraft) Narrator library for x64 successfully loaded
[21:23:14] [main/INFO] (Minecraft) Reloading ResourceManager: Default, Fabric Networking Block Entity (v0), Fabric Renderer API (v1), Fabric Key Bindings (v0), Fabric Tool Attribute API (v1), Fabric Renderer - Indigo, Fabric Containers (v0), Fabric Object Builder API (v1), Fabric Biomes (v1), Fabric Crash Report Info (v1), Fabric Events Interaction (v0), Fabric API Base, Fabric Rendering (v0), Fabric Rendering (v1), Fabric Rendering Data Attachment (v1), Fabric Resource Loader (v0), Fabric Textures (v0), Fabric Content Registries (v0), Fabric Tag Extensions (v0), Fabric Rendering Fluids (v1), Fabric Registry Sync (v0), Fabric BlockRenderLayer Registration (v1), Fabric Mining Levels (v0), Fabric Renderer Registries (v1), Fabric Loot Tables (v1), Fabric Events Lifecycle (v0), Fabric API, Fabric Models (v0), Fabric Item Groups (v0), Thor's Food Mod, Fabric Object Builders (v0), Fabric Networking (v0)
[21:23:16] [Realms Notification Availability checker #1/INFO] (Minecraft) Could not authorize you against Realms server: Invalid session id
[21:23:19] [main/INFO] (Minecraft) OpenAL initialized.
[21:23:19] [main/INFO] (Minecraft) Sound engine started
[21:23:19] [main/INFO] (Minecraft) Created: 1024x1024x4 minecraft:textures/atlas/blocks.png-atlas
[21:23:19] [main/INFO] (Minecraft) Created: 256x128x4 minecraft:textures/atlas/signs.png-atlas
[21:23:19] [main/INFO] (Minecraft) Created: 1024x512x4 minecraft:textures/atlas/banner_patterns.png-atlas
[21:23:19] [main/INFO] (Minecraft) Created: 1024x512x4 minecraft:textures/atlas/shield_patterns.png-atlas
[21:23:19] [main/INFO] (Minecraft) Created: 256x256x4 minecraft:textures/atlas/chest.png-atlas
[21:23:19] [main/INFO] (Minecraft) Created: 512x256x4 minecraft:textures/atlas/beds.png-atlas
[21:23:19] [main/INFO] (Minecraft) Created: 512x256x4 minecraft:textures/atlas/shulker_boxes.png-atlas
[21:23:19] [main/INFO] (Minecraft) Created: 256x256x0 minecraft:textures/atlas/particles.png-atlas
[21:23:19] [main/INFO] (Minecraft) Created: 256x256x0 minecraft:textures/atlas/paintings.png-atlas
[21:23:19] [main/INFO] (Minecraft) Created: 256x128x0 minecraft:textures/atlas/mob_effects.png-atlas
[21:23:27] [main/INFO] (Minecraft) [fabric-registry-sync] Loaded registry data [file 1/4]
[21:23:27] [main/WARN] (Minecraft) Ambiguity between arguments [teleport, destination] and [teleport, targets] with inputs: [Player, 0123, @e, dd12be42-52a9-4a91-a8a1-11c01849e498]
[21:23:27] [main/WARN] (Minecraft) Ambiguity between arguments [teleport, location] and [teleport, destination] with inputs: [0.1 -0.5 .9, 0 0 0]
[21:23:27] [main/WARN] (Minecraft) Ambiguity between arguments [teleport, location] and [teleport, targets] with inputs: [0.1 -0.5 .9, 0 0 0]
[21:23:27] [main/WARN] (Minecraft) Ambiguity between arguments [teleport, targets] and [teleport, destination] with inputs: [Player, 0123, dd12be42-52a9-4a91-a8a1-11c01849e498]
[21:23:27] [main/WARN] (Minecraft) Ambiguity between arguments [teleport, targets, location] and [teleport, targets, destination] with inputs: [0.1 -0.5 .9, 0 0 0]
[21:23:27] [Server thread/INFO] (Minecraft) Starting integrated minecraft server version 1.15.2
[21:23:27] [Server thread/INFO] (Minecraft) Generating keypair
[21:23:28] [Server thread/INFO] (Minecraft) [fabric-registry-sync] Loaded registry data [file 1/4]
[21:23:28] [Server thread/INFO] (Minecraft) Reloading ResourceManager: Default, Fabric Tool Attribute API (v1)
[21:23:28] [Server thread/INFO] (Minecraft) Loaded 6 recipes
[21:23:28] [Server thread/INFO] (Minecraft) Loaded 825 advancements
[21:23:28] [Server thread/INFO] (Minecraft) Preparing start region for dimension minecraft:overworld
[21:23:29] [main/INFO] (Minecraft) Preparing spawn area: 0%
[21:23:29] [main/INFO] (Minecraft) Preparing spawn area: 0%
[21:23:29] [main/INFO] (Minecraft) Time elapsed: 828 ms
[21:23:30] [Server thread/INFO] (Minecraft) Changing view distance to 11, from 10
[21:23:30] [Server thread/INFO] (Minecraft) Player663[local:E:9d7eb699] logged in with entity id 252 at (-27.951001917350332, 63.0, -41.81835428381124)
[21:23:30] [Server thread/INFO] (Minecraft) Player663 joined the game
[21:23:30] [Server thread/INFO] (Minecraft) Saving and pausing game...
[21:23:30] [Server thread/INFO] (Minecraft) Saving chunks for level 'New World'/minecraft:the_nether
[21:23:30] [Server thread/INFO] (Minecraft) Saving chunks for level 'New World'/minecraft:overworld
[21:23:31] [main/INFO] (Minecraft) Loaded 4 advancements
[21:23:31] [Server thread/INFO] (Minecraft) Saving chunks for level 'New World'/minecraft:the_end
[21:23:39] [main/WARN] (Minecraft) Unable to play empty soundEvent: minecraft:entity.salmon.ambient
[21:23:42] [main/INFO] (Minecraft) Loaded 7 advancements
[21:24:07] [main/INFO] (Minecraft) Loaded 8 advancements
[21:24:46] [Server thread/INFO] (Minecraft) Saving and pausing game...
[21:24:46] [Server thread/INFO] (Minecraft) Saving chunks for level 'New World'/minecraft:the_nether
[21:24:46] [Server thread/INFO] (Minecraft) Saving chunks for level 'New World'/minecraft:overworld
[21:24:46] [Server thread/INFO] (Minecraft) Saving chunks for level 'New World'/minecraft:the_end
[21:24:46] [Server thread/INFO] (Minecraft) Player663 lost connection: Disconnected
[21:24:46] [Server thread/INFO] (Minecraft) Player663 left the game
[21:24:46] [Server thread/INFO] (Minecraft) Stopping singleplayer server as player logged out
[21:24:47] [Server thread/INFO] (Minecraft) Stopping server
[21:24:47] [Server thread/INFO] (Minecraft) Saving players
[21:24:47] [Server thread/INFO] (Minecraft) Saving worlds
[21:24:47] [Server thread/INFO] (Minecraft) Saving chunks for level 'New World'/minecraft:the_nether
[21:24:47] [Server thread/INFO] (Minecraft) ThreadedAnvilChunkStorage (DIM-1): All chunks are saved
[21:24:47] [Server thread/INFO] (Minecraft) Saving chunks for level 'New World'/minecraft:overworld
[21:24:47] [Server thread/INFO] (Minecraft) ThreadedAnvilChunkStorage (New World): All chunks are saved
[21:24:47] [Server thread/INFO] (Minecraft) Saving chunks for level 'New World'/minecraft:the_end
[21:24:47] [Server thread/INFO] (Minecraft) ThreadedAnvilChunkStorage (DIM1): All chunks are saved
[21:24:47] [Server thread/INFO] (Minecraft) ThreadedAnvilChunkStorage (DIM-1): All chunks are saved
[21:24:47] [Server thread/INFO] (Minecraft) ThreadedAnvilChunkStorage (New World): All chunks are saved
[21:24:47] [Server thread/INFO] (Minecraft) ThreadedAnvilChunkStorage (DIM1): All chunks are saved
[21:24:47] [main/INFO] (Minecraft) Stopping!
